<?xml version="1.0" encoding="UTF-8"?>
<!-- Generated by org.testng.reporters.JUnitXMLReporter -->
<testsuite hostname="dell" name="Default test" tests="1" failures="0" timestamp="27 Dec 2018 08:18:26 GMT" time="48.184" errors="0">
  <testcase name="@BeforeTest setup" time="0.0" classname="com.EpicorApplication.Login_Test">
    <failure type="org.openqa.selenium.WebDriverException" message="Failed to connect to binary FirefoxBinary(C:\Program Files (x86)\Mozilla Firefox\firefox.exe) on port 7055; process output follows: 
les (x86)\Mozilla Firefox\browser\features\activity-stream@mozilla.org.xpi
1545898666320	addons.xpi	INFO	Mapping aushelper@mozilla.org to C:\Program Files (x86)\Mozilla Firefox\browser\features\aushelper@mozilla.org.xpi
1545898666320	addons.xpi	INFO	Mapping clicktoplay-rollout@mozilla.org to C:\Program Files (x86)\Mozilla Firefox\browser\features\clicktoplay-rollout@mozilla.org.xpi
1545898666320	addons.xpi	INFO	Mapping e10srollout@mozilla.org to C:\Program Files (x86)\Mozilla Firefox\browser\features\e10srollout@mozilla.org.xpi
1545898666321	addons.xpi	INFO	Mapping firefox@getpocket.com to C:\Program Files (x86)\Mozilla Firefox\browser\features\firefox@getpocket.com.xpi
1545898666321	addons.xpi	INFO	Mapping followonsearch@mozilla.com to C:\Program Files (x86)\Mozilla Firefox\browser\features\followonsearch@mozilla.com.xpi
1545898666321	addons.xpi	INFO	Mapping formautofill@mozilla.org to C:\Program Files (x86)\Mozilla Firefox\browser\features\formautofill@mozilla.org.xpi
1545898666321	addons.xpi	INFO	Mapping onboarding@mozilla.org to C:\Program Files (x86)\Mozilla Firefox\browser\features\onboarding@mozilla.org.xpi
1545898666321	addons.xpi	INFO	Mapping screenshots@mozilla.org to C:\Program Files (x86)\Mozilla Firefox\browser\features\screenshots@mozilla.org.xpi
1545898666321	addons.xpi	INFO	Mapping shield-recipe-client@mozilla.org to C:\Program Files (x86)\Mozilla Firefox\browser\features\shield-recipe-client@mozilla.org.xpi
1545898666322	addons.xpi	INFO	Mapping webcompat@mozilla.org to C:\Program Files (x86)\Mozilla Firefox\browser\features\webcompat@mozilla.org.xpi
1545898666322	addons.xpi	DEBUG	Existing add-on activity-stream@mozilla.org in app-system-defaults
1545898666323	addons.xpi	DEBUG	Existing add-on aushelper@mozilla.org in app-system-defaults
1545898666323	addons.xpi	DEBUG	Existing add-on clicktoplay-rollout@mozilla.org in app-system-defaults
1545898666324	addons.xpi	DEBUG	Existing add-on e10srollout@mozilla.org in app-system-defaults
1545898666324	addons.xpi	DEBUG	Existing add-on firefox@getpocket.com in app-system-defaults
1545898666324	addons.xpi	DEBUG	Existing add-on followonsearch@mozilla.com in app-system-defaults
1545898666325	addons.xpi	DEBUG	Existing add-on formautofill@mozilla.org in app-system-defaults
1545898666325	addons.xpi	DEBUG	Existing add-on onboarding@mozilla.org in app-system-defaults
1545898666326	addons.xpi	DEBUG	Existing add-on screenshots@mozilla.org in app-system-defaults
1545898666326	addons.xpi	DEBUG	Existing add-on shield-recipe-client@mozilla.org in app-system-defaults
1545898666327	addons.xpi	DEBUG	Existing add-on webcompat@mozilla.org in app-system-defaults
1545898666328	addons.xpi	INFO	Mapping {972ce4c6-7e08-4474-a285-3208198ce6fd} to C:\Program Files (x86)\Mozilla Firefox\browser\extensions\{972ce4c6-7e08-4474-a285-3208198ce6fd}.xpi
1545898666328	addons.xpi	DEBUG	Existing add-on {972ce4c6-7e08-4474-a285-3208198ce6fd} in app-global
1545898666329	addons.xpi	DEBUG	Existing add-on light_plugin_F88CEF8523DE460F9FA1D6E48BF8D340@kaspersky.com in winreg-app-global
1545898666329	addons.xpi	DEBUG	getInstallState changed: false, state: {}
[Child 4128] WARNING: pipe error: 109: file z:/build/build/src/ipc/chromium/src/chrome/common/ipc_channel_win.cc, line 346
1545898667329	DeferredSave.webext.sc.lz4	DEBUG	Starting write
1545898667336	DeferredSave.webext.sc.lz4	DEBUG	Write succeeded
1545898667410	addons.productaddons	INFO	sending request to: https://aus5.mozilla.org/update/3/GMP/56.0/20170926190823/WINNT_x86-msvc-x64/en-US/release/Windows_NT%206.3.0.0%20(x64)/default/default/update.xml
1545898668809	addons.productaddons	INFO	Completed downloading document
1545898670204	addons.productaddons	INFO	downloadXHR File download. status=200
1545898670209	addons.productaddons	INFO	Downloaded file will be saved to C:\Users\DELLPC~1\AppData\Local\Temp\tmpaddon-de88bd
1545898675410	addons.productaddons	INFO	downloadXHR File download. status=200
1545898675414	addons.productaddons	INFO	Downloaded file will be saved to C:\Users\DELLPC~1\AppData\Local\Temp\tmpaddon-5f783a

Build info: version: &amp;apos;2.53.1&amp;apos;, revision: &amp;apos;a36b8b1&amp;apos;, time: &amp;apos;2016-06-30 17:37:03&amp;apos;
System info: host: &amp;apos;dell&amp;apos;, ip: &amp;apos;192.168.0.7&amp;apos;, os.name: &amp;apos;Windows 8.1&amp;apos;, os.arch: &amp;apos;amd64&amp;apos;, os.version: &amp;apos;6.3&amp;apos;, java.version: &amp;apos;1.8.0_161&amp;apos;
Driver info: driver.version: FirefoxDriver">
      <![CDATA[org.openqa.selenium.WebDriverException: Failed to connect to binary FirefoxBinary(C:\Program Files (x86)\Mozilla Firefox\firefox.exe) on port 7055; process output follows: 
les (x86)\Mozilla Firefox\browser\features\activity-stream@mozilla.org.xpi
1545898666320	addons.xpi	INFO	Mapping aushelper@mozilla.org to C:\Program Files (x86)\Mozilla Firefox\browser\features\aushelper@mozilla.org.xpi
1545898666320	addons.xpi	INFO	Mapping clicktoplay-rollout@mozilla.org to C:\Program Files (x86)\Mozilla Firefox\browser\features\clicktoplay-rollout@mozilla.org.xpi
1545898666320	addons.xpi	INFO	Mapping e10srollout@mozilla.org to C:\Program Files (x86)\Mozilla Firefox\browser\features\e10srollout@mozilla.org.xpi
1545898666321	addons.xpi	INFO	Mapping firefox@getpocket.com to C:\Program Files (x86)\Mozilla Firefox\browser\features\firefox@getpocket.com.xpi
1545898666321	addons.xpi	INFO	Mapping followonsearch@mozilla.com to C:\Program Files (x86)\Mozilla Firefox\browser\features\followonsearch@mozilla.com.xpi
1545898666321	addons.xpi	INFO	Mapping formautofill@mozilla.org to C:\Program Files (x86)\Mozilla Firefox\browser\features\formautofill@mozilla.org.xpi
1545898666321	addons.xpi	INFO	Mapping onboarding@mozilla.org to C:\Program Files (x86)\Mozilla Firefox\browser\features\onboarding@mozilla.org.xpi
1545898666321	addons.xpi	INFO	Mapping screenshots@mozilla.org to C:\Program Files (x86)\Mozilla Firefox\browser\features\screenshots@mozilla.org.xpi
1545898666321	addons.xpi	INFO	Mapping shield-recipe-client@mozilla.org to C:\Program Files (x86)\Mozilla Firefox\browser\features\shield-recipe-client@mozilla.org.xpi
1545898666322	addons.xpi	INFO	Mapping webcompat@mozilla.org to C:\Program Files (x86)\Mozilla Firefox\browser\features\webcompat@mozilla.org.xpi
1545898666322	addons.xpi	DEBUG	Existing add-on activity-stream@mozilla.org in app-system-defaults
1545898666323	addons.xpi	DEBUG	Existing add-on aushelper@mozilla.org in app-system-defaults
1545898666323	addons.xpi	DEBUG	Existing add-on clicktoplay-rollout@mozilla.org in app-system-defaults
1545898666324	addons.xpi	DEBUG	Existing add-on e10srollout@mozilla.org in app-system-defaults
1545898666324	addons.xpi	DEBUG	Existing add-on firefox@getpocket.com in app-system-defaults
1545898666324	addons.xpi	DEBUG	Existing add-on followonsearch@mozilla.com in app-system-defaults
1545898666325	addons.xpi	DEBUG	Existing add-on formautofill@mozilla.org in app-system-defaults
1545898666325	addons.xpi	DEBUG	Existing add-on onboarding@mozilla.org in app-system-defaults
1545898666326	addons.xpi	DEBUG	Existing add-on screenshots@mozilla.org in app-system-defaults
1545898666326	addons.xpi	DEBUG	Existing add-on shield-recipe-client@mozilla.org in app-system-defaults
1545898666327	addons.xpi	DEBUG	Existing add-on webcompat@mozilla.org in app-system-defaults
1545898666328	addons.xpi	INFO	Mapping {972ce4c6-7e08-4474-a285-3208198ce6fd} to C:\Program Files (x86)\Mozilla Firefox\browser\extensions\{972ce4c6-7e08-4474-a285-3208198ce6fd}.xpi
1545898666328	addons.xpi	DEBUG	Existing add-on {972ce4c6-7e08-4474-a285-3208198ce6fd} in app-global
1545898666329	addons.xpi	DEBUG	Existing add-on light_plugin_F88CEF8523DE460F9FA1D6E48BF8D340@kaspersky.com in winreg-app-global
1545898666329	addons.xpi	DEBUG	getInstallState changed: false, state: {}
[Child 4128] WARNING: pipe error: 109: file z:/build/build/src/ipc/chromium/src/chrome/common/ipc_channel_win.cc, line 346
1545898667329	DeferredSave.webext.sc.lz4	DEBUG	Starting write
1545898667336	DeferredSave.webext.sc.lz4	DEBUG	Write succeeded
1545898667410	addons.productaddons	INFO	sending request to: https://aus5.mozilla.org/update/3/GMP/56.0/20170926190823/WINNT_x86-msvc-x64/en-US/release/Windows_NT%206.3.0.0%20(x64)/default/default/update.xml
1545898668809	addons.productaddons	INFO	Completed downloading document
1545898670204	addons.productaddons	INFO	downloadXHR File download. status=200
1545898670209	addons.productaddons	INFO	Downloaded file will be saved to C:\Users\DELLPC~1\AppData\Local\Temp\tmpaddon-de88bd
1545898675410	addons.productaddons	INFO	downloadXHR File download. status=200
1545898675414	addons.productaddons	INFO	Downloaded file will be saved to C:\Users\DELLPC~1\AppData\Local\Temp\tmpaddon-5f783a

Build info: version: '2.53.1', revision: 'a36b8b1', time: '2016-06-30 17:37:03'
System info: host: 'dell', ip: '192.168.0.7', os.name: 'Windows 8.1', os.arch: 'amd64', os.version: '6.3', java.version: '1.8.0_161'
Driver info: driver.version: FirefoxDriver
	at org.openqa.selenium.firefox.internal.NewProfileExtensionConnection.start(NewProfileExtensionConnection.java:124)
	at org.openqa.selenium.firefox.FirefoxDriver.startClient(FirefoxDriver.java:271)
	at org.openqa.selenium.remote.RemoteWebDriver.<init>(RemoteWebDriver.java:119)
	at org.openqa.selenium.firefox.FirefoxDriver.<init>(FirefoxDriver.java:218)
	at org.openqa.selenium.firefox.FirefoxDriver.<init>(FirefoxDriver.java:211)
	at org.openqa.selenium.firefox.FirefoxDriver.<init>(FirefoxDriver.java:207)
	at org.openqa.selenium.firefox.FirefoxDriver.<init>(FirefoxDriver.java:120)
	at com.EpicorApplication.Login_Test.setup(Login_Test.java:15)
	at sun.reflect.NativeMethodAccessorImpl.invoke0(Native Method)
	at sun.reflect.NativeMethodAccessorImpl.invoke(Unknown Source)
	at sun.reflect.DelegatingMethodAccessorImpl.invoke(Unknown Source)
	at java.lang.reflect.Method.invoke(Unknown Source)
	at org.testng.internal.MethodInvocationHelper.invokeMethod(MethodInvocationHelper.java:85)
	at org.testng.internal.Invoker.invokeConfigurationMethod(Invoker.java:510)
	at org.testng.internal.Invoker.invokeConfigurations(Invoker.java:211)
	at org.testng.internal.Invoker.invokeConfigurations(Invoker.java:138)
	at org.testng.TestRunner.beforeRun(TestRunner.java:648)
	at org.testng.TestRunner.run(TestRunner.java:616)
	at org.testng.SuiteRunner.runTest(SuiteRunner.java:359)
	at org.testng.SuiteRunner.runSequentially(SuiteRunner.java:354)
	at org.testng.SuiteRunner.privateRun(SuiteRunner.java:312)
	at org.testng.SuiteRunner.run(SuiteRunner.java:261)
	at org.testng.SuiteRunnerWorker.runSuite(SuiteRunnerWorker.java:52)
	at org.testng.SuiteRunnerWorker.run(SuiteRunnerWorker.java:86)
	at org.testng.TestNG.runSuitesSequentially(TestNG.java:1215)
	at org.testng.TestNG.runSuitesLocally(TestNG.java:1140)
	at org.testng.TestNG.run(TestNG.java:1048)
	at org.testng.remote.AbstractRemoteTestNG.run(AbstractRemoteTestNG.java:114)
	at org.testng.remote.RemoteTestNG.initAndRun(RemoteTestNG.java:251)
	at org.testng.remote.RemoteTestNG.main(RemoteTestNG.java:77)
Caused by: org.openqa.selenium.firefox.NotConnectedException: Unable to connect to host 127.0.0.1 on port 7055 after 45000 ms. Firefox console output:
les (x86)\Mozilla Firefox\browser\features\activity-stream@mozilla.org.xpi
1545898666320	addons.xpi	INFO	Mapping aushelper@mozilla.org to C:\Program Files (x86)\Mozilla Firefox\browser\features\aushelper@mozilla.org.xpi
1545898666320	addons.xpi	INFO	Mapping clicktoplay-rollout@mozilla.org to C:\Program Files (x86)\Mozilla Firefox\browser\features\clicktoplay-rollout@mozilla.org.xpi
1545898666320	addons.xpi	INFO	Mapping e10srollout@mozilla.org to C:\Program Files (x86)\Mozilla Firefox\browser\features\e10srollout@mozilla.org.xpi
1545898666321	addons.xpi	INFO	Mapping firefox@getpocket.com to C:\Program Files (x86)\Mozilla Firefox\browser\features\firefox@getpocket.com.xpi
1545898666321	addons.xpi	INFO	Mapping followonsearch@mozilla.com to C:\Program Files (x86)\Mozilla Firefox\browser\features\followonsearch@mozilla.com.xpi
1545898666321	addons.xpi	INFO	Mapping formautofill@mozilla.org to C:\Program Files (x86)\Mozilla Firefox\browser\features\formautofill@mozilla.org.xpi
1545898666321	addons.xpi	INFO	Mapping onboarding@mozilla.org to C:\Program Files (x86)\Mozilla Firefox\browser\features\onboarding@mozilla.org.xpi
1545898666321	addons.xpi	INFO	Mapping screenshots@mozilla.org to C:\Program Files (x86)\Mozilla Firefox\browser\features\screenshots@mozilla.org.xpi
1545898666321	addons.xpi	INFO	Mapping shield-recipe-client@mozilla.org to C:\Program Files (x86)\Mozilla Firefox\browser\features\shield-recipe-client@mozilla.org.xpi
1545898666322	addons.xpi	INFO	Mapping webcompat@mozilla.org to C:\Program Files (x86)\Mozilla Firefox\browser\features\webcompat@mozilla.org.xpi
1545898666322	addons.xpi	DEBUG	Existing add-on activity-stream@mozilla.org in app-system-defaults
1545898666323	addons.xpi	DEBUG	Existing add-on aushelper@mozilla.org in app-system-defaults
1545898666323	addons.xpi	DEBUG	Existing add-on clicktoplay-rollout@mozilla.org in app-system-defaults
1545898666324	addons.xpi	DEBUG	Existing add-on e10srollout@mozilla.org in app-system-defaults
1545898666324	addons.xpi	DEBUG	Existing add-on firefox@getpocket.com in app-system-defaults
1545898666324	addons.xpi	DEBUG	Existing add-on followonsearch@mozilla.com in app-system-defaults
1545898666325	addons.xpi	DEBUG	Existing add-on formautofill@mozilla.org in app-system-defaults
1545898666325	addons.xpi	DEBUG	Existing add-on onboarding@mozilla.org in app-system-defaults
1545898666326	addons.xpi	DEBUG	Existing add-on screenshots@mozilla.org in app-system-defaults
1545898666326	addons.xpi	DEBUG	Existing add-on shield-recipe-client@mozilla.org in app-system-defaults
1545898666327	addons.xpi	DEBUG	Existing add-on webcompat@mozilla.org in app-system-defaults
1545898666328	addons.xpi	INFO	Mapping {972ce4c6-7e08-4474-a285-3208198ce6fd} to C:\Program Files (x86)\Mozilla Firefox\browser\extensions\{972ce4c6-7e08-4474-a285-3208198ce6fd}.xpi
1545898666328	addons.xpi	DEBUG	Existing add-on {972ce4c6-7e08-4474-a285-3208198ce6fd} in app-global
1545898666329	addons.xpi	DEBUG	Existing add-on light_plugin_F88CEF8523DE460F9FA1D6E48BF8D340@kaspersky.com in winreg-app-global
1545898666329	addons.xpi	DEBUG	getInstallState changed: false, state: {}
[Child 4128] WARNING: pipe error: 109: file z:/build/build/src/ipc/chromium/src/chrome/common/ipc_channel_win.cc, line 346
1545898667329	DeferredSave.webext.sc.lz4	DEBUG	Starting write
1545898667336	DeferredSave.webext.sc.lz4	DEBUG	Write succeeded
1545898667410	addons.productaddons	INFO	sending request to: https://aus5.mozilla.org/update/3/GMP/56.0/20170926190823/WINNT_x86-msvc-x64/en-US/release/Windows_NT%206.3.0.0%20(x64)/default/default/update.xml
1545898668809	addons.productaddons	INFO	Completed downloading document
1545898670204	addons.productaddons	INFO	downloadXHR File download. status=200
1545898670209	addons.productaddons	INFO	Downloaded file will be saved to C:\Users\DELLPC~1\AppData\Local\Temp\tmpaddon-de88bd
1545898675410	addons.productaddons	INFO	downloadXHR File download. status=200
1545898675414	addons.productaddons	INFO	Downloaded file will be saved to C:\Users\DELLPC~1\AppData\Local\Temp\tmpaddon-5f783a

	at org.openqa.selenium.firefox.internal.NewProfileExtensionConnection.start(NewProfileExtensionConnection.java:112)
	... 29 more
]]>
    </failure>
  </testcase> <!-- @BeforeTest setup -->
  <testcase name="EpicorApplication" time="0.051" classname="com.EpicorApplication.Login_Test">
    <skipped/>
  </testcase> <!-- EpicorApplication -->
</testsuite> <!-- Default test -->
